Build started 2012/7/2 11:07:48.
     1>Project "D:\myDocument\大一下学习\AI-FIAR\projects\Start\EricStratety4\EricStratety\EricStratety.vcxproj" on node 2 (build target(s)).
     1>InitializeBuildStatus:
         Creating "Release\EricStratety.unsuccessfulbuild" because "AlwaysCreate" was specified.
       ClCompile:
         All outputs are up-to-date.
         D:\Program Files\Microsoft Visual Studio 10.0\VC\bin\CL.exe /c /Zi /nologo /W3 /WX- /O2 /Oi /Oy- /GL /D WIN32 /D NDEBUG /D _WINDOWS /D _USRDLL /D NEWNEU_EXPORTS /D _WINDLL /D _UNICODE /D UNICODE /Gm- /EHsc /MD /GS /Gy /fp:precise /Zc:wchar_t /Zc:forScope /Yu"StdAfx.h" /Fp"Release\EricStratety.pch" /Fo"Release\\" /Fd"Release\vc100.pdb" /Gd /TP /analyze- /errorReport:prompt MyStrategy.cpp
         MyStrategy.cpp
     1>d:\mydocument\大一下学习\ai-fiar\projects\start\ericstratety4\ericstratety\base.h(290): warning C4482: nonstandard extension used: enum 'RoleType' used in qualified name
     1>d:\mydocument\大一下学习\ai-fiar\projects\start\ericstratety4\ericstratety\GeometryR.h(69): warning C4005: 'PI' : macro redefinition
                 d:\mydocument\大一下学习\ai-fiar\projects\start\ericstratety4\ericstratety\base.h(34) : see previous definition of 'PI'
     1>d:\mydocument\大一下学习\ai-fiar\projects\start\ericstratety4\ericstratety\BasicScriptServer.h(22): warning C4996: 'strcpy': This function or variable may be unsafe. Consider using strcpy_s instead. To disable deprecation, use _CRT_SECURE_NO_WARNINGS. See online help for details.
                 D:\Program Files\Microsoft Visual Studio 10.0\VC\include\string.h(105) : see declaration of 'strcpy'
     1>d:\mydocument\大一下学习\ai-fiar\projects\start\ericstratety4\ericstratety\BasicScriptServer.h(26): warning C4996: 'strcpy': This function or variable may be unsafe. Consider using strcpy_s instead. To disable deprecation, use _CRT_SECURE_NO_WARNINGS. See online help for details.
                 D:\Program Files\Microsoft Visual Studio 10.0\VC\include\string.h(105) : see declaration of 'strcpy'
     1>MyStrategy.cpp(33): warning C4996: 'sscanf': This function or variable may be unsafe. Consider using sscanf_s instead. To disable deprecation, use _CRT_SECURE_NO_WARNINGS. See online help for details.
                 D:\Program Files\Microsoft Visual Studio 10.0\VC\include\stdio.h(325) : see declaration of 'sscanf'
     1>MyStrategy.cpp(36): warning C4996: 'sscanf': This function or variable may be unsafe. Consider using sscanf_s instead. To disable deprecation, use _CRT_SECURE_NO_WARNINGS. See online help for details.
                 D:\Program Files\Microsoft Visual Studio 10.0\VC\include\stdio.h(325) : see declaration of 'sscanf'
     1>MyStrategy.cpp(41): warning C4996: 'sscanf': This function or variable may be unsafe. Consider using sscanf_s instead. To disable deprecation, use _CRT_SECURE_NO_WARNINGS. See online help for details.
                 D:\Program Files\Microsoft Visual Studio 10.0\VC\include\stdio.h(325) : see declaration of 'sscanf'
       Link:
         D:\Program Files\Microsoft Visual Studio 10.0\VC\bin\link.exe /ERRORREPORT:PROMPT /OUT:"D:\myDocument\大一下学习\AI-FIAR\projects\Start\EricStratety4\Release\EricStratety.dll" /INCREMENTAL:NO /NOLOGO kernel32.lib user32.lib gdi32.lib winspool.lib comdlg32.lib advapi32.lib shell32.lib ole32.lib oleaut32.lib uuid.lib odbc32.lib odbccp32.lib /MANIFEST /ManifestFile:"Release\EricStratety.dll.intermediate.manifest" /MANIFESTUAC:"level='asInvoker' uiAccess='false'" /DEBUG /PDB:"D:\myDocument\大一下学习\AI-FIAR\projects\Start\EricStratety4\Release\EricStratety.pdb" /SUBSYSTEM:WINDOWS /OPT:REF /OPT:ICF /LTCG /TLBID:1 /DYNAMICBASE /NXCOMPAT /IMPLIB:"D:\myDocument\大一下学习\AI-FIAR\projects\Start\EricStratety4\Release\EricStratety.lib" /MACHINE:X86 /DLL Release\base.obj
         Release\BasicScriptServer.obj
         Release\GeometryR.obj
         Release\logger.obj
         Release\interface.obj
         Release\MyStrategy.obj
         Release\objects.obj
         Release\scripting_system.obj
         Release\stdafx.obj
         Release\strategy.obj
            Creating library D:\myDocument\大一下学习\AI-FIAR\projects\Start\EricStratety4\Release\EricStratety.lib and object D:\myDocument\大一下学习\AI-FIAR\projects\Start\EricStratety4\Release\EricStratety.exp
         Generating code
         Finished generating code
         EricStratety.vcxproj -> D:\myDocument\大一下学习\AI-FIAR\projects\Start\EricStratety4\Release\EricStratety.dll
       Manifest:
         C:\Program Files\Microsoft SDKs\Windows\v7.0A\bin\mt.exe /nologo /verbose /outputresource:"D:\myDocument\大一下学习\AI-FIAR\projects\Start\EricStratety4\Release\EricStratety.dll;#2" /manifest Release\EricStratety.dll.intermediate.manifest
       FinalizeBuildStatus:
         Deleting file "Release\EricStratety.unsuccessfulbuild".
         Touching "Release\EricStratety.lastbuildstate".
     1>Done Building Project "D:\myDocument\大一下学习\AI-FIAR\projects\Start\EricStratety4\EricStratety\EricStratety.vcxproj" (build target(s)).

Build succeeded.

Time Elapsed 00:00:03.46
