Build started 2012/6/15 17:46:33.
     1>Project "D:\myDocument\大一下学习\AI-FIAR\projects\MyStrategy\MyStrategy\MyStrategy.vcxproj" on node 2 (build target(s)).
     1>InitializeBuildStatus:
         Creating "Release\MyStrategy.unsuccessfulbuild" because "AlwaysCreate" was specified.
       ClCompile:
         D:\Program Files\Microsoft Visual Studio 10.0\VC\bin\CL.exe /c /Zi /nologo /W3 /WX- /O2 /Oi /Oy- /GL /D _WINDLL /D _UNICODE /D UNICODE /Gm- /EHsc /MD /GS /Gy /fp:precise /Zc:wchar_t /Zc:forScope /Fo"Release\\" /Fd"Release\vc100.pdb" /Gd /TP /analyze- /errorReport:prompt action.cpp interface.cpp objects.cc robotrole.cpp strategy.cc
         action.cpp
     1>d:\mydocument\大一下学习\ai-fiar\projects\mystrategy\mystrategy\base.h(306): warning C4482: nonstandard extension used: enum 'RoleType' used in qualified name
     1>d:\mydocument\大一下学习\ai-fiar\projects\mystrategy\mystrategy\GeometryR.h(69): warning C4005: 'PI' : macro redefinition
                 d:\mydocument\大一下学习\ai-fiar\projects\mystrategy\mystrategy\base.h(48) : see previous definition of 'PI'
         interface.cpp
     1>d:\mydocument\大一下学习\ai-fiar\projects\mystrategy\mystrategy\base.h(306): warning C4482: nonstandard extension used: enum 'RoleType' used in qualified name
     1>d:\mydocument\大一下学习\ai-fiar\projects\mystrategy\mystrategy\GeometryR.h(69): warning C4005: 'PI' : macro redefinition
                 d:\mydocument\大一下学习\ai-fiar\projects\mystrategy\mystrategy\base.h(48) : see previous definition of 'PI'
     1>interface.cpp(101): warning C4996: 'strcpy': This function or variable may be unsafe. Consider using strcpy_s instead. To disable deprecation, use _CRT_SECURE_NO_WARNINGS. See online help for details.
                 D:\Program Files\Microsoft Visual Studio 10.0\VC\include\string.h(105) : see declaration of 'strcpy'
         objects.cc
     1>d:\mydocument\大一下学习\ai-fiar\projects\mystrategy\mystrategy\base.h(306): warning C4482: nonstandard extension used: enum 'RoleType' used in qualified name
     1>objects.cc(334): warning C4552: '*' : operator has no effect; expected operator with side-effect
         robotrole.cpp
     1>d:\mydocument\大一下学习\ai-fiar\projects\mystrategy\mystrategy\base.h(306): warning C4482: nonstandard extension used: enum 'RoleType' used in qualified name
     1>d:\mydocument\大一下学习\ai-fiar\projects\mystrategy\mystrategy\GeometryR.h(69): warning C4005: 'PI' : macro redefinition
                 d:\mydocument\大一下学习\ai-fiar\projects\mystrategy\mystrategy\base.h(48) : see previous definition of 'PI'
         strategy.cc
     1>d:\mydocument\大一下学习\ai-fiar\projects\mystrategy\mystrategy\base.h(306): warning C4482: nonstandard extension used: enum 'RoleType' used in qualified name
     1>d:\mydocument\大一下学习\ai-fiar\projects\mystrategy\mystrategy\GeometryR.h(69): warning C4005: 'PI' : macro redefinition
                 d:\mydocument\大一下学习\ai-fiar\projects\mystrategy\mystrategy\base.h(48) : see previous definition of 'PI'
     1>strategy.cc(157): warning C4482: nonstandard extension used: enum 'MatchState' used in qualified name
     1>strategy.cc(168): warning C4482: nonstandard extension used: enum 'BallField' used in qualified name
     1>strategy.cc(190): warning C4482: nonstandard extension used: enum 'MatchState' used in qualified name
     1>strategy.cc(191): warning C4482: nonstandard extension used: enum 'MatchState' used in qualified name
     1>d:\mydocument\大一下学习\ai-fiar\projects\mystrategy\mystrategy\BasicScriptServer.h(22): warning C4996: 'strcpy': This function or variable may be unsafe. Consider using strcpy_s instead. To disable deprecation, use _CRT_SECURE_NO_WARNINGS. See online help for details.
                 D:\Program Files\Microsoft Visual Studio 10.0\VC\include\string.h(105) : see declaration of 'strcpy'
     1>d:\mydocument\大一下学习\ai-fiar\projects\mystrategy\mystrategy\BasicScriptServer.h(26): warning C4996: 'strcpy': This function or variable may be unsafe. Consider using strcpy_s instead. To disable deprecation, use _CRT_SECURE_NO_WARNINGS. See online help for details.
                 D:\Program Files\Microsoft Visual Studio 10.0\VC\include\string.h(105) : see declaration of 'strcpy'
     1>strategy.cc(302): warning C4996: 'sscanf': This function or variable may be unsafe. Consider using sscanf_s instead. To disable deprecation, use _CRT_SECURE_NO_WARNINGS. See online help for details.
                 D:\Program Files\Microsoft Visual Studio 10.0\VC\include\stdio.h(325) : see declaration of 'sscanf'
     1>strategy.cc(305): warning C4996: 'sscanf': This function or variable may be unsafe. Consider using sscanf_s instead. To disable deprecation, use _CRT_SECURE_NO_WARNINGS. See online help for details.
                 D:\Program Files\Microsoft Visual Studio 10.0\VC\include\stdio.h(325) : see declaration of 'sscanf'
     1>strategy.cc(309): warning C4996: 'sscanf': This function or variable may be unsafe. Consider using sscanf_s instead. To disable deprecation, use _CRT_SECURE_NO_WARNINGS. See online help for details.
                 D:\Program Files\Microsoft Visual Studio 10.0\VC\include\stdio.h(325) : see declaration of 'sscanf'
       Link:
         D:\Program Files\Microsoft Visual Studio 10.0\VC\bin\link.exe /ERRORREPORT:PROMPT /OUT:"D:\myDocument\大一下学习\AI-FIAR\projects\MyStrategy\Release\MyStrategy.dll" /NOLOGO kernel32.lib user32.lib gdi32.lib winspool.lib comdlg32.lib advapi32.lib shell32.lib ole32.lib oleaut32.lib uuid.lib odbc32.lib odbccp32.lib /MANIFEST /ManifestFile:"Release\MyStrategy.dll.intermediate.manifest" /MANIFESTUAC:"level='asInvoker' uiAccess='false'" /DEBUG /PDB:"D:\myDocument\大一下学习\AI-FIAR\projects\MyStrategy\Release\MyStrategy.pdb" /OPT:REF /OPT:ICF /LTCG /TLBID:1 /DYNAMICBASE /NXCOMPAT /IMPLIB:"D:\myDocument\大一下学习\AI-FIAR\projects\MyStrategy\Release\MyStrategy.lib" /MACHINE:X86 /DLL Release\action.obj
         Release\area.obj
         Release\base.obj
         Release\BasicScriptServer.obj
         Release\dllmain.obj
         Release\GeometryR.obj
         Release\interface.obj
         Release\logger.obj
         Release\objects.obj
         Release\robotrole.obj
         Release\stdafx.obj
         Release\strategy.obj
         Release\teamorder.obj
            Creating library D:\myDocument\大一下学习\AI-FIAR\projects\MyStrategy\Release\MyStrategy.lib and object D:\myDocument\大一下学习\AI-FIAR\projects\MyStrategy\Release\MyStrategy.exp
         Generating code
         Finished generating code
         MyStrategy.vcxproj -> D:\myDocument\大一下学习\AI-FIAR\projects\MyStrategy\Release\MyStrategy.dll
       Manifest:
         C:\Program Files\Microsoft SDKs\Windows\v7.0A\bin\mt.exe /nologo /verbose /outputresource:"D:\myDocument\大一下学习\AI-FIAR\projects\MyStrategy\Release\MyStrategy.dll;#2" /manifest Release\MyStrategy.dll.intermediate.manifest
       FinalizeBuildStatus:
         Deleting file "Release\MyStrategy.unsuccessfulbuild".
         Touching "Release\MyStrategy.lastbuildstate".
     1>Done Building Project "D:\myDocument\大一下学习\AI-FIAR\projects\MyStrategy\MyStrategy\MyStrategy.vcxproj" (build target(s)).

Build succeeded.

Time Elapsed 00:00:07.00
