D:\MYDOCUMENT\大一下学习\AI-FIAR\PROJECTS\MYSTRATEGY\MYSTRATEGY\RELEASE\ACTION.OBJ
D:\MYDOCUMENT\大一下学习\AI-FIAR\PROJECTS\MYSTRATEGY\MYSTRATEGY\RELEASE\AREA.OBJ
D:\MYDOCUMENT\大一下学习\AI-FIAR\PROJECTS\MYSTRATEGY\MYSTRATEGY\RELEASE\BASE.OBJ
D:\MYDOCUMENT\大一下学习\AI-FIAR\PROJECTS\MYSTRATEGY\MYSTRATEGY\RELEASE\BASICSCRIPTSERVER.OBJ
D:\myDocument\大一下学习\AI-FIAR\projects\MyStrategy\MyStrategy\Release\cl.command.1.tlog
D:\myDocument\大一下学习\AI-FIAR\projects\MyStrategy\MyStrategy\Release\CL.read.1.tlog
D:\myDocument\大一下学习\AI-FIAR\projects\MyStrategy\MyStrategy\Release\CL.write.1.tlog
D:\MYDOCUMENT\大一下学习\AI-FIAR\PROJECTS\MYSTRATEGY\MYSTRATEGY\RELEASE\DLLMAIN.OBJ
D:\MYDOCUMENT\大一下学习\AI-FIAR\PROJECTS\MYSTRATEGY\MYSTRATEGY\RELEASE\GEOMETRYR.OBJ
D:\MYDOCUMENT\大一下学习\AI-FIAR\PROJECTS\MYSTRATEGY\MYSTRATEGY\RELEASE\INTERFACE.OBJ
D:\myDocument\大一下学习\AI-FIAR\projects\MyStrategy\MyStrategy\Release\link.command.1.tlog
D:\myDocument\大一下学习\AI-FIAR\projects\MyStrategy\MyStrategy\Release\link.read.1.tlog
D:\myDocument\大一下学习\AI-FIAR\projects\MyStrategy\MyStrategy\Release\link.write.1.tlog
D:\MYDOCUMENT\大一下学习\AI-FIAR\PROJECTS\MYSTRATEGY\MYSTRATEGY\RELEASE\LOGGER.OBJ
D:\myDocument\大一下学习\AI-FIAR\projects\MyStrategy\MyStrategy\Release\mt.command.1.tlog
D:\myDocument\大一下学习\AI-FIAR\projects\MyStrategy\MyStrategy\Release\mt.read.1.tlog
D:\myDocument\大一下学习\AI-FIAR\projects\MyStrategy\MyStrategy\Release\mt.write.1.tlog
D:\MYDOCUMENT\大一下学习\AI-FIAR\PROJECTS\MYSTRATEGY\MYSTRATEGY\RELEASE\MYSTRATEGY.DLL.INTERMEDIATE.MANIFEST
D:\myDocument\大一下学习\AI-FIAR\projects\MyStrategy\MyStrategy\Release\MyStrategy.write.1.tlog
D:\MYDOCUMENT\大一下学习\AI-FIAR\PROJECTS\MYSTRATEGY\MYSTRATEGY\RELEASE\OBJECTS.OBJ
D:\MYDOCUMENT\大一下学习\AI-FIAR\PROJECTS\MYSTRATEGY\MYSTRATEGY\RELEASE\ROBOTROLE.OBJ
D:\MYDOCUMENT\大一下学习\AI-FIAR\PROJECTS\MYSTRATEGY\MYSTRATEGY\RELEASE\STDAFX.OBJ
D:\MYDOCUMENT\大一下学习\AI-FIAR\PROJECTS\MYSTRATEGY\MYSTRATEGY\RELEASE\STRATEGY.OBJ
D:\MYDOCUMENT\大一下学习\AI-FIAR\PROJECTS\MYSTRATEGY\MYSTRATEGY\RELEASE\TEAMORDER.OBJ
D:\MYDOCUMENT\大一下学习\AI-FIAR\PROJECTS\MYSTRATEGY\MYSTRATEGY\RELEASE\VC100.PDB
D:\MYDOCUMENT\大一下学习\AI-FIAR\PROJECTS\MYSTRATEGY\RELEASE\MYSTRATEGY.DLL
D:\myDocument\大一下学习\AI-FIAR\projects\MyStrategy\Release\MyStrategy.exp
D:\myDocument\大一下学习\AI-FIAR\projects\MyStrategy\Release\MyStrategy.lib
D:\MYDOCUMENT\大一下学习\AI-FIAR\PROJECTS\MYSTRATEGY\RELEASE\MYSTRATEGY.PDB
