Build started 2012/6/9 17:43:07.
     1>Project "D:\myDocument\大一下学习\AI-FIAR\projects\第三届轮式综合比赛5V5模板_new\NewNEU_Robot_Soccer_09S\NewNEU\NewNEU.vcxproj" on node 2 (build target(s)).
     1>PrepareForBuild:
         Creating directory "D:\myDocument\大一下学习\AI-FIAR\projects\第三届轮式综合比赛5V5模板_new\NewNEU_Robot_Soccer_09S\Debug\".
       InitializeBuildStatus:
         Creating "Debug\NewNEU.unsuccessfulbuild" because "AlwaysCreate" was specified.
       ClCompile:
         Deleting file "Debug\NewNEU.pch".
         D:\Program Files\Microsoft Visual Studio 10.0\VC\bin\CL.exe /c /ZI /nologo /W3 /WX- /Od /Oy- /D WIN32 /D _DEBUG /D _WINDOWS /D _USRDLL /D _WINDLL /D _UNICODE /D UNICODE /Gm /EHsc /RTC1 /MDd /GS /fp:precise /Zc:wchar_t /Zc:forScope /Yc"StdAfx.h" /Fp"Debug\NewNEU.pch" /Fo"Debug\\" /Fd"Debug\vc100.pdb" /Gd /TP /analyze- /errorReport:prompt stdafx.cc
         stdafx.cc
         D:\Program Files\Microsoft Visual Studio 10.0\VC\bin\CL.exe /c /ZI /nologo /W3 /WX- /Od /Oy- /D WIN32 /D _DEBUG /D _WINDOWS /D _USRDLL /D _WINDLL /D _UNICODE /D UNICODE /Gm /EHsc /RTC1 /MDd /GS /fp:precise /Zc:wchar_t /Zc:forScope /Fo"Debug\\" /Fd"Debug\vc100.pdb" /Gd /TP /analyze- /errorReport:prompt dllmain.cc
         dllmain.cc
         D:\Program Files\Microsoft Visual Studio 10.0\VC\bin\CL.exe /c /ZI /nologo /W3 /WX- /Od /Oy- /D WIN32 /D _DEBUG /D _WINDOWS /D _USRDLL /D _WINDLL /D _UNICODE /D UNICODE /Gm /EHsc /RTC1 /MDd /GS /fp:precise /Zc:wchar_t /Zc:forScope /Yu"StdAfx.h" /Fp"Debug\NewNEU.pch" /Fo"Debug\\" /Fd"Debug\vc100.pdb" /Gd /TP /analyze- /errorReport:prompt field_information.cc GeometryR.cpp logger.cc newneu.cc objects.cc scripting_system.cc strategy.cc
         strategy.cc
         scripting_system.cc
         objects.cc
         newneu.cc
         logger.cc
         GeometryR.cpp
         field_information.cc
         Generating Code...
       ManifestResourceCompile:
         C:\Program Files\Microsoft SDKs\Windows\v7.0A\bin\rc.exe /nologo /fo"Debug\NewNEU.dll.embed.manifest.res" Debug\NewNEU_manifest.rc 
       Link:
         D:\Program Files\Microsoft Visual Studio 10.0\VC\bin\link.exe /ERRORREPORT:PROMPT /OUT:"D:\myDocument\大一下学习\AI-FIAR\projects\第三届轮式综合比赛5V5模板_new\NewNEU_Robot_Soccer_09S\Debug\NewNEU.dll" /INCREMENTAL /NOLOGO kernel32.lib user32.lib gdi32.lib winspool.lib comdlg32.lib advapi32.lib shell32.lib ole32.lib oleaut32.lib uuid.lib odbc32.lib odbccp32.lib /MANIFEST /ManifestFile:"Debug\NewNEU.dll.intermediate.manifest" /MANIFESTUAC:"level='asInvoker' uiAccess='false'" /DEBUG /PDB:"D:\myDocument\大一下学习\AI-FIAR\projects\第三届轮式综合比赛5V5模板_new\NewNEU_Robot_Soccer_09S\Debug\NewNEU.pdb" /SUBSYSTEM:WINDOWS /TLBID:1 /DYNAMICBASE /NXCOMPAT /IMPLIB:"D:\myDocument\大一下学习\AI-FIAR\projects\第三届轮式综合比赛5V5模板_new\NewNEU_Robot_Soccer_09S\Debug\NewNEU.lib" /MACHINE:X86 /DLL Debug\NewNEU.dll.embed.manifest.res
         Debug\dllmain.obj
         Debug\field_information.obj
         Debug\GeometryR.obj
         Debug\logger.obj
         Debug\newneu.obj
         Debug\objects.obj
         Debug\scripting_system.obj
         Debug\stdafx.obj
         Debug\strategy.obj
            Creating library D:\myDocument\大一下学习\AI-FIAR\projects\第三届轮式综合比赛5V5模板_new\NewNEU_Robot_Soccer_09S\Debug\NewNEU.lib and object D:\myDocument\大一下学习\AI-FIAR\projects\第三届轮式综合比赛5V5模板_new\NewNEU_Robot_Soccer_09S\Debug\NewNEU.exp
       Manifest:
         C:\Program Files\Microsoft SDKs\Windows\v7.0A\bin\mt.exe /nologo /verbose /out:"Debug\NewNEU.dll.embed.manifest" /manifest Debug\NewNEU.dll.intermediate.manifest
         
     1>mt.exe : general error c101008a: Failed to save the updated manifest to the file "Debug\NewNEU.dll.embed.manifest". Bpo
         
     1>Done Building Project "D:\myDocument\大一下学习\AI-FIAR\projects\第三届轮式综合比赛5V5模板_new\NewNEU_Robot_Soccer_09S\NewNEU\NewNEU.vcxproj" (build target(s)) -- FAILED.

Build FAILED.

Time Elapsed 00:00:11.76
