D:\MYDOCUMENT\大一下学习\AI-FIAR\PROJECTS\第三届轮式综合比赛5V5模板_NEW\MYSTRATEGY\NEWNEU\RELEASE\ACTION.OBJ
D:\MYDOCUMENT\大一下学习\AI-FIAR\PROJECTS\第三届轮式综合比赛5V5模板_NEW\MYSTRATEGY\NEWNEU\RELEASE\AREA.OBJ
D:\MYDOCUMENT\大一下学习\AI-FIAR\PROJECTS\第三届轮式综合比赛5V5模板_NEW\MYSTRATEGY\NEWNEU\RELEASE\BASE.OBJ
D:\MYDOCUMENT\大一下学习\AI-FIAR\PROJECTS\第三届轮式综合比赛5V5模板_NEW\MYSTRATEGY\NEWNEU\RELEASE\BASICSCRIPTSERVER.OBJ
D:\myDocument\大一下学习\AI-FIAR\projects\第三届轮式综合比赛5V5模板_new\MyStrategy\NewNEU\Release\cl.command.1.tlog
D:\myDocument\大一下学习\AI-FIAR\projects\第三届轮式综合比赛5V5模板_new\MyStrategy\NewNEU\Release\CL.read.1.tlog
D:\myDocument\大一下学习\AI-FIAR\projects\第三届轮式综合比赛5V5模板_new\MyStrategy\NewNEU\Release\CL.write.1.tlog
D:\MYDOCUMENT\大一下学习\AI-FIAR\PROJECTS\第三届轮式综合比赛5V5模板_NEW\MYSTRATEGY\NEWNEU\RELEASE\DLLMAIN.OBJ
D:\MYDOCUMENT\大一下学习\AI-FIAR\PROJECTS\第三届轮式综合比赛5V5模板_NEW\MYSTRATEGY\NEWNEU\RELEASE\FIELD_INFORMATION.OBJ
D:\MYDOCUMENT\大一下学习\AI-FIAR\PROJECTS\第三届轮式综合比赛5V5模板_NEW\MYSTRATEGY\NEWNEU\RELEASE\GEOMETRYR.OBJ
D:\myDocument\大一下学习\AI-FIAR\projects\第三届轮式综合比赛5V5模板_new\MyStrategy\NewNEU\Release\link.command.1.tlog
D:\myDocument\大一下学习\AI-FIAR\projects\第三届轮式综合比赛5V5模板_new\MyStrategy\NewNEU\Release\link.read.1.tlog
D:\myDocument\大一下学习\AI-FIAR\projects\第三届轮式综合比赛5V5模板_new\MyStrategy\NewNEU\Release\link.write.1.tlog
D:\MYDOCUMENT\大一下学习\AI-FIAR\PROJECTS\第三届轮式综合比赛5V5模板_NEW\MYSTRATEGY\NEWNEU\RELEASE\LOGGER.OBJ
D:\myDocument\大一下学习\AI-FIAR\projects\第三届轮式综合比赛5V5模板_new\MyStrategy\NewNEU\Release\mt.command.1.tlog
D:\myDocument\大一下学习\AI-FIAR\projects\第三届轮式综合比赛5V5模板_new\MyStrategy\NewNEU\Release\mt.read.1.tlog
D:\myDocument\大一下学习\AI-FIAR\projects\第三届轮式综合比赛5V5模板_new\MyStrategy\NewNEU\Release\mt.write.1.tlog
D:\myDocument\大一下学习\AI-FIAR\projects\第三届轮式综合比赛5V5模板_new\MyStrategy\NewNEU\Release\NewNEU.dll.intermediate.manifest
D:\MYDOCUMENT\大一下学习\AI-FIAR\PROJECTS\第三届轮式综合比赛5V5模板_NEW\MYSTRATEGY\NEWNEU\RELEASE\NEWNEU.OBJ
D:\myDocument\大一下学习\AI-FIAR\projects\第三届轮式综合比赛5V5模板_new\MyStrategy\NewNEU\Release\NewNEU.pch
D:\myDocument\大一下学习\AI-FIAR\projects\第三届轮式综合比赛5V5模板_new\MyStrategy\NewNEU\Release\NewNEU.write.1.tlog
D:\MYDOCUMENT\大一下学习\AI-FIAR\PROJECTS\第三届轮式综合比赛5V5模板_NEW\MYSTRATEGY\NEWNEU\RELEASE\NEWNEU-COPY.DLL.INTERMEDIATE.MANIFEST
D:\MYDOCUMENT\大一下学习\AI-FIAR\PROJECTS\第三届轮式综合比赛5V5模板_NEW\MYSTRATEGY\NEWNEU\RELEASE\NEWNEU-COPY.PCH
D:\myDocument\大一下学习\AI-FIAR\projects\第三届轮式综合比赛5V5模板_new\MyStrategy\NewNEU\Release\NewNEU-copy.write.1.tlog
D:\MYDOCUMENT\大一下学习\AI-FIAR\PROJECTS\第三届轮式综合比赛5V5模板_NEW\MYSTRATEGY\NEWNEU\RELEASE\OBJECTS.OBJ
D:\MYDOCUMENT\大一下学习\AI-FIAR\PROJECTS\第三届轮式综合比赛5V5模板_NEW\MYSTRATEGY\NEWNEU\RELEASE\ROBOTROLE.OBJ
D:\MYDOCUMENT\大一下学习\AI-FIAR\PROJECTS\第三届轮式综合比赛5V5模板_NEW\MYSTRATEGY\NEWNEU\RELEASE\SCRIPTING_SYSTEM.OBJ
D:\MYDOCUMENT\大一下学习\AI-FIAR\PROJECTS\第三届轮式综合比赛5V5模板_NEW\MYSTRATEGY\NEWNEU\RELEASE\STDAFX.OBJ
D:\MYDOCUMENT\大一下学习\AI-FIAR\PROJECTS\第三届轮式综合比赛5V5模板_NEW\MYSTRATEGY\NEWNEU\RELEASE\STRATEGY.OBJ
D:\MYDOCUMENT\大一下学习\AI-FIAR\PROJECTS\第三届轮式综合比赛5V5模板_NEW\MYSTRATEGY\NEWNEU\RELEASE\TEAMORDER.OBJ
D:\MYDOCUMENT\大一下学习\AI-FIAR\PROJECTS\第三届轮式综合比赛5V5模板_NEW\MYSTRATEGY\NEWNEU\RELEASE\VC100.PDB
D:\MYDOCUMENT\大一下学习\AI-FIAR\PROJECTS\第三届轮式综合比赛5V5模板_NEW\MYSTRATEGY\RELEASE\NEWNEU-COPY.DLL
D:\myDocument\大一下学习\AI-FIAR\projects\第三届轮式综合比赛5V5模板_new\MyStrategy\Release\NewNEU-copy.exp
D:\myDocument\大一下学习\AI-FIAR\projects\第三届轮式综合比赛5V5模板_new\MyStrategy\Release\NewNEU-copy.lib
D:\MYDOCUMENT\大一下学习\AI-FIAR\PROJECTS\第三届轮式综合比赛5V5模板_NEW\MYSTRATEGY\RELEASE\NEWNEU-COPY.PDB
D:\MYDOCUMENT\大一下学习\AI-FIAR\PROJECTS\第三届轮式综合比赛5V5模板_NEW\NEWNEU_ROBOT_SOCCER_09S - 副本\NEWNEU\RELEASE\BASICSCRIPTSERVER.OBJ
D:\MYDOCUMENT\大一下学习\AI-FIAR\PROJECTS\第三届轮式综合比赛5V5模板_NEW\NEWNEU_ROBOT_SOCCER_09S - 副本\NEWNEU\RELEASE\DLLMAIN.OBJ
D:\MYDOCUMENT\大一下学习\AI-FIAR\PROJECTS\第三届轮式综合比赛5V5模板_NEW\NEWNEU_ROBOT_SOCCER_09S - 副本\NEWNEU\RELEASE\FIELD_INFORMATION.OBJ
D:\MYDOCUMENT\大一下学习\AI-FIAR\PROJECTS\第三届轮式综合比赛5V5模板_NEW\NEWNEU_ROBOT_SOCCER_09S - 副本\NEWNEU\RELEASE\GEOMETRYR.OBJ
D:\MYDOCUMENT\大一下学习\AI-FIAR\PROJECTS\第三届轮式综合比赛5V5模板_NEW\NEWNEU_ROBOT_SOCCER_09S - 副本\NEWNEU\RELEASE\LOGGER.OBJ
D:\MYDOCUMENT\大一下学习\AI-FIAR\PROJECTS\第三届轮式综合比赛5V5模板_NEW\NEWNEU_ROBOT_SOCCER_09S - 副本\NEWNEU\RELEASE\NEWNEU.OBJ
D:\MYDOCUMENT\大一下学习\AI-FIAR\PROJECTS\第三届轮式综合比赛5V5模板_NEW\NEWNEU_ROBOT_SOCCER_09S - 副本\NEWNEU\RELEASE\NEWNEU-COPY.DLL.INTERMEDIATE.MANIFEST
D:\MYDOCUMENT\大一下学习\AI-FIAR\PROJECTS\第三届轮式综合比赛5V5模板_NEW\NEWNEU_ROBOT_SOCCER_09S - 副本\NEWNEU\RELEASE\NEWNEU-COPY.PCH
D:\MYDOCUMENT\大一下学习\AI-FIAR\PROJECTS\第三届轮式综合比赛5V5模板_NEW\NEWNEU_ROBOT_SOCCER_09S - 副本\NEWNEU\RELEASE\OBJECTS.OBJ
D:\MYDOCUMENT\大一下学习\AI-FIAR\PROJECTS\第三届轮式综合比赛5V5模板_NEW\NEWNEU_ROBOT_SOCCER_09S - 副本\NEWNEU\RELEASE\SCRIPTING_SYSTEM.OBJ
D:\MYDOCUMENT\大一下学习\AI-FIAR\PROJECTS\第三届轮式综合比赛5V5模板_NEW\NEWNEU_ROBOT_SOCCER_09S - 副本\NEWNEU\RELEASE\STDAFX.OBJ
D:\MYDOCUMENT\大一下学习\AI-FIAR\PROJECTS\第三届轮式综合比赛5V5模板_NEW\NEWNEU_ROBOT_SOCCER_09S - 副本\NEWNEU\RELEASE\STRATEGY.OBJ
D:\MYDOCUMENT\大一下学习\AI-FIAR\PROJECTS\第三届轮式综合比赛5V5模板_NEW\NEWNEU_ROBOT_SOCCER_09S - 副本\NEWNEU\RELEASE\VC100.PDB
D:\MYDOCUMENT\大一下学习\AI-FIAR\PROJECTS\第三届轮式综合比赛5V5模板_NEW\NEWNEU_ROBOT_SOCCER_09S - 副本\RELEASE\NEWNEU-COPY.DLL
D:\myDocument\大一下学习\AI-FIAR\projects\第三届轮式综合比赛5V5模板_new\NewNEU_Robot_Soccer_09S - 副本\Release\NewNEU-copy.exp
D:\myDocument\大一下学习\AI-FIAR\projects\第三届轮式综合比赛5V5模板_new\NewNEU_Robot_Soccer_09S - 副本\Release\NewNEU-copy.lib
D:\MYDOCUMENT\大一下学习\AI-FIAR\PROJECTS\第三届轮式综合比赛5V5模板_NEW\NEWNEU_ROBOT_SOCCER_09S - 副本\RELEASE\NEWNEU-COPY.PDB
D:\MYDOCUMENT\大一下学习\AI-FIAR\PROJECTS\第三届轮式综合比赛5V5模板_NEW\NEWNEU_ROBOT_SOCCER_09S\NEWNEU\RELEASE\BASICSCRIPTSERVER.OBJ
D:\MYDOCUMENT\大一下学习\AI-FIAR\PROJECTS\第三届轮式综合比赛5V5模板_NEW\NEWNEU_ROBOT_SOCCER_09S\NEWNEU\RELEASE\DLLMAIN.OBJ
D:\MYDOCUMENT\大一下学习\AI-FIAR\PROJECTS\第三届轮式综合比赛5V5模板_NEW\NEWNEU_ROBOT_SOCCER_09S\NEWNEU\RELEASE\FIELD_INFORMATION.OBJ
D:\MYDOCUMENT\大一下学习\AI-FIAR\PROJECTS\第三届轮式综合比赛5V5模板_NEW\NEWNEU_ROBOT_SOCCER_09S\NEWNEU\RELEASE\GEOMETRYR.OBJ
D:\MYDOCUMENT\大一下学习\AI-FIAR\PROJECTS\第三届轮式综合比赛5V5模板_NEW\NEWNEU_ROBOT_SOCCER_09S\NEWNEU\RELEASE\LOGGER.OBJ
D:\MYDOCUMENT\大一下学习\AI-FIAR\PROJECTS\第三届轮式综合比赛5V5模板_NEW\NEWNEU_ROBOT_SOCCER_09S\NEWNEU\RELEASE\NEWNEU.DLL.INTERMEDIATE.MANIFEST
D:\MYDOCUMENT\大一下学习\AI-FIAR\PROJECTS\第三届轮式综合比赛5V5模板_NEW\NEWNEU_ROBOT_SOCCER_09S\NEWNEU\RELEASE\NEWNEU.OBJ
D:\MYDOCUMENT\大一下学习\AI-FIAR\PROJECTS\第三届轮式综合比赛5V5模板_NEW\NEWNEU_ROBOT_SOCCER_09S\NEWNEU\RELEASE\NEWNEU.PCH
D:\MYDOCUMENT\大一下学习\AI-FIAR\PROJECTS\第三届轮式综合比赛5V5模板_NEW\NEWNEU_ROBOT_SOCCER_09S\NEWNEU\RELEASE\OBJECTS.OBJ
D:\MYDOCUMENT\大一下学习\AI-FIAR\PROJECTS\第三届轮式综合比赛5V5模板_NEW\NEWNEU_ROBOT_SOCCER_09S\NEWNEU\RELEASE\SCRIPTING_SYSTEM.OBJ
D:\MYDOCUMENT\大一下学习\AI-FIAR\PROJECTS\第三届轮式综合比赛5V5模板_NEW\NEWNEU_ROBOT_SOCCER_09S\NEWNEU\RELEASE\STDAFX.OBJ
D:\MYDOCUMENT\大一下学习\AI-FIAR\PROJECTS\第三届轮式综合比赛5V5模板_NEW\NEWNEU_ROBOT_SOCCER_09S\NEWNEU\RELEASE\STRATEGY.OBJ
D:\MYDOCUMENT\大一下学习\AI-FIAR\PROJECTS\第三届轮式综合比赛5V5模板_NEW\NEWNEU_ROBOT_SOCCER_09S\NEWNEU\RELEASE\VC100.PDB
D:\MYDOCUMENT\大一下学习\AI-FIAR\PROJECTS\第三届轮式综合比赛5V5模板_NEW\NEWNEU_ROBOT_SOCCER_09S\RELEASE\NEWNEU.DLL
D:\myDocument\大一下学习\AI-FIAR\projects\第三届轮式综合比赛5V5模板_new\NewNEU_Robot_Soccer_09S\Release\NewNEU.exp
D:\myDocument\大一下学习\AI-FIAR\projects\第三届轮式综合比赛5V5模板_new\NewNEU_Robot_Soccer_09S\Release\NewNEU.lib
D:\MYDOCUMENT\大一下学习\AI-FIAR\PROJECTS\第三届轮式综合比赛5V5模板_NEW\NEWNEU_ROBOT_SOCCER_09S\RELEASE\NEWNEU.PDB
