Build started 2012/5/25 19:45:38.
     1>Project "D:\myDocument\大一下学习\AI-FIAR\program\NEWNEU HiFi 3D Simulator for Wheeled Robot Soccer-Server 1.1\strategy\strategy5\Strategy\Strategy.vcxproj" on node 2 (build target(s)).
     1>InitializeBuildStatus:
         Creating "Debug\Strategy.unsuccessfulbuild" because "AlwaysCreate" was specified.
       ClCompile:
         All outputs are up-to-date.
         D:\Program Files\Microsoft Visual Studio 10.0\VC\bin\CL.exe /c /ZI /nologo /W3 /WX- /Od /Oy- /D WIN32 /D _DEBUG /D _WINDOWS /D _USRDLL /D STRATEGY_EXPORTS /D _WINDLL /D _UNICODE /D UNICODE /Gm /EHsc /RTC1 /MTd /GS /fp:precise /Zc:wchar_t /Zc:forScope /Yu"StdAfx.h" /Fp"Debug\Strategy.pch" /Fo"Debug\\" /Fd"Debug\vc100.pdb" /Gd /TP /analyze- /errorReport:prompt Strategy.cpp
         Strategy.cpp
     1>d:\mydocument\大一下学习\ai-fiar\program\newneu hifi 3d simulator for wheeled robot soccer-server 1.1\strategy\strategy5\strategy\strategy.cpp(89): warning C4996: 'strcpy': This function or variable may be unsafe. Consider using strcpy_s instead. To disable deprecation, use _CRT_SECURE_NO_WARNINGS. See online help for details.
                 d:\program files\microsoft visual studio 10.0\vc\include\string.h(105) : see declaration of 'strcpy'
       ManifestResourceCompile:
         All outputs are up-to-date.
       Link:
         D:\Program Files\Microsoft Visual Studio 10.0\VC\bin\link.exe /ERRORREPORT:PROMPT /OUT:"D:\myDocument\大一下学习\AI-FIAR\program\NEWNEU HiFi 3D Simulator for Wheeled Robot Soccer-Server 1.1\strategy\strategy5\Debug\Strategy.dll" /INCREMENTAL /NOLOGO kernel32.lib user32.lib gdi32.lib winspool.lib comdlg32.lib advapi32.lib shell32.lib ole32.lib oleaut32.lib uuid.lib odbc32.lib odbccp32.lib /MANIFEST /ManifestFile:"Debug\Strategy.dll.intermediate.manifest" /MANIFESTUAC:"level='asInvoker' uiAccess='false'" /DEBUG /PDB:"D:\myDocument\大一下学习\AI-FIAR\program\NEWNEU HiFi 3D Simulator for Wheeled Robot Soccer-Server 1.1\strategy\strategy5\Debug\Strategy.pdb" /SUBSYSTEM:WINDOWS /TLBID:1 /DYNAMICBASE /NXCOMPAT /IMPLIB:"D:\myDocument\大一下学习\AI-FIAR\program\NEWNEU HiFi 3D Simulator for Wheeled Robot Soccer-Server 1.1\strategy\strategy5\Debug\Strategy.lib" /MACHINE:X86 /DLL Debug\Strategy.dll.embed.manifest.res
         Debug\stdafx.obj
         Debug\Strategy.obj
       Manifest:
         C:\Program Files\Microsoft SDKs\Windows\v7.0A\bin\mt.exe /nologo /verbose /out:"Debug\Strategy.dll.embed.manifest" /manifest Debug\Strategy.dll.intermediate.manifest
         All outputs are up-to-date.
       LinkEmbedManifest:
         All outputs are up-to-date.
         Strategy.vcxproj -> D:\myDocument\大一下学习\AI-FIAR\program\NEWNEU HiFi 3D Simulator for Wheeled Robot Soccer-Server 1.1\strategy\strategy5\Debug\Strategy.dll
       FinalizeBuildStatus:
         Deleting file "Debug\Strategy.unsuccessfulbuild".
         Touching "Debug\Strategy.lastbuildstate".
     1>Done Building Project "D:\myDocument\大一下学习\AI-FIAR\program\NEWNEU HiFi 3D Simulator for Wheeled Robot Soccer-Server 1.1\strategy\strategy5\Strategy\Strategy.vcxproj" (build target(s)).

Build succeeded.

Time Elapsed 00:00:08.67
