Build started 2012/6/25 23:25:27.
     1>Project "D:\myDocument\大一下学习\AI-FIAR\projects\Start\EricStratety\EricStratety\EricStratety.vcxproj" on node 2 (build target(s)).
     1>InitializeBuildStatus:
         Touching "Release\main.unsuccessfulbuild".
       ClCompile:
         D:\Program Files\Microsoft Visual Studio 10.0\VC\bin\CL.exe /c /Zi /nologo /W3 /WX- /O2 /Oi /Oy- /GL /D _WINDLL /D _MBCS /Gm- /EHsc /MD /GS /Gy /fp:precise /Zc:wchar_t /Zc:forScope /Yc"StdAfx.h" /Fp"Release\main.pch" /Fo"Release\\" /Fd"Release\vc100.pdb" /Gd /TP /analyze- /errorReport:prompt stdafx.cpp
         stdafx.cpp
         D:\Program Files\Microsoft Visual Studio 10.0\VC\bin\CL.exe /c /Zi /nologo /W3 /WX- /O2 /Oi /Oy- /GL /D _WINDLL /D _MBCS /Gm- /EHsc /MD /GS /Gy /fp:precise /Zc:wchar_t /Zc:forScope /Yu"StdAfx.h" /Fp"Release\main.pch" /Fo"Release\\" /Fd"Release\vc100.pdb" /Gd /TP /analyze- /errorReport:prompt interface.cpp
         interface.cpp
     1>interface.cpp(30): warning C4996: 'strcpy': This function or variable may be unsafe. Consider using strcpy_s instead. To disable deprecation, use _CRT_SECURE_NO_WARNINGS. See online help for details.
                 D:\Program Files\Microsoft Visual Studio 10.0\VC\include\string.h(105) : see declaration of 'strcpy'
       Link:
         D:\Program Files\Microsoft Visual Studio 10.0\VC\bin\link.exe /ERRORREPORT:PROMPT /OUT:"D:\myDocument\大一下学习\AI-FIAR\projects\Start\EricStratety\Release\main.dll" /NOLOGO kernel32.lib user32.lib gdi32.lib winspool.lib comdlg32.lib advapi32.lib shell32.lib ole32.lib oleaut32.lib uuid.lib odbc32.lib odbccp32.lib /MANIFEST /ManifestFile:"Release\main.dll.intermediate.manifest" /MANIFESTUAC:"level='asInvoker' uiAccess='false'" /DEBUG /PDB:"D:\myDocument\大一下学习\AI-FIAR\projects\Start\EricStratety\Release\main.pdb" /OPT:REF /OPT:ICF /LTCG /TLBID:1 /DYNAMICBASE /NXCOMPAT /IMPLIB:"D:\myDocument\大一下学习\AI-FIAR\projects\Start\EricStratety\Release\main.lib" /MACHINE:X86 /DLL Release\interface.obj
         Release\stdafx.obj
            Creating library D:\myDocument\大一下学习\AI-FIAR\projects\Start\EricStratety\Release\main.lib and object D:\myDocument\大一下学习\AI-FIAR\projects\Start\EricStratety\Release\main.exp
         Generating code
         Finished generating code
         EricStratety.vcxproj -> D:\myDocument\大一下学习\AI-FIAR\projects\Start\EricStratety\Release\main.dll
       Manifest:
         C:\Program Files\Microsoft SDKs\Windows\v7.0A\bin\mt.exe /nologo /verbose /outputresource:"D:\myDocument\大一下学习\AI-FIAR\projects\Start\EricStratety\Release\main.dll;#2" /manifest Release\main.dll.intermediate.manifest
       FinalizeBuildStatus:
         Deleting file "Release\main.unsuccessfulbuild".
         Touching "Release\main.lastbuildstate".
     1>Done Building Project "D:\myDocument\大一下学习\AI-FIAR\projects\Start\EricStratety\EricStratety\EricStratety.vcxproj" (build target(s)).

Build succeeded.

Time Elapsed 00:00:01.88
