Build started 2012/7/9 14:26:53.
     1>Project "D:\myDocument\大一下学习\AI-FIAR\projects\Start\EricStratety5\EricStratety\EricStratety.vcxproj" on node 2 (build target(s)).
     1>InitializeBuildStatus:
         Creating "Release\EricStratety.unsuccessfulbuild" because "AlwaysCreate" was specified.
       ClCompile:
         All outputs are up-to-date.
         D:\Program Files\Microsoft Visual Studio 10.0\VC\bin\CL.exe /c /Zi /nologo /W3 /WX- /O2 /Oi /Oy- /GL /D WIN32 /D NDEBUG /D _WINDOWS /D _USRDLL /D NEWNEU_EXPORTS /D _WINDLL /D _UNICODE /D UNICODE /Gm- /EHsc /MD /GS /Gy /fp:precise /Zc:wchar_t /Zc:forScope /Yu"StdAfx.h" /Fp"Release\EricStratety.pch" /Fo"Release\\" /Fd"Release\vc100.pdb" /Gd /TP /analyze- /errorReport:prompt BallFieldAnalyse.cpp MyStrategy.cpp Testrobotrole.cpp area.cpp base.cpp interface.cpp objects.cc strategy.cc teamorder.cpp testAction.cpp
         BallFieldAnalyse.cpp
     1>d:\mydocument\大一下学习\ai-fiar\projects\start\ericstratety5\ericstratety\base.h(385): warning C4482: nonstandard extension used: enum 'RoleType' used in qualified name
     1>d:\mydocument\大一下学习\ai-fiar\projects\start\ericstratety5\ericstratety\strategy.h(83): warning C4482: nonstandard extension used: enum 'MatchState' used in qualified name
         MyStrategy.cpp
     1>d:\mydocument\大一下学习\ai-fiar\projects\start\ericstratety5\ericstratety\base.h(385): warning C4482: nonstandard extension used: enum 'RoleType' used in qualified name
     1>d:\mydocument\大一下学习\ai-fiar\projects\start\ericstratety5\ericstratety\strategy.h(83): warning C4482: nonstandard extension used: enum 'MatchState' used in qualified name
     1>d:\mydocument\大一下学习\ai-fiar\projects\start\ericstratety5\ericstratety\BasicScriptServer.h(25): warning C4996: 'strcpy': This function or variable may be unsafe. Consider using strcpy_s instead. To disable deprecation, use _CRT_SECURE_NO_WARNINGS. See online help for details.
                 D:\Program Files\Microsoft Visual Studio 10.0\VC\include\string.h(105) : see declaration of 'strcpy'
     1>d:\mydocument\大一下学习\ai-fiar\projects\start\ericstratety5\ericstratety\BasicScriptServer.h(29): warning C4996: 'strcpy': This function or variable may be unsafe. Consider using strcpy_s instead. To disable deprecation, use _CRT_SECURE_NO_WARNINGS. See online help for details.
                 D:\Program Files\Microsoft Visual Studio 10.0\VC\include\string.h(105) : see declaration of 'strcpy'
     1>MyStrategy.cpp(42): warning C4996: 'sscanf': This function or variable may be unsafe. Consider using sscanf_s instead. To disable deprecation, use _CRT_SECURE_NO_WARNINGS. See online help for details.
                 D:\Program Files\Microsoft Visual Studio 10.0\VC\include\stdio.h(325) : see declaration of 'sscanf'
     1>MyStrategy.cpp(45): warning C4996: 'sscanf': This function or variable may be unsafe. Consider using sscanf_s instead. To disable deprecation, use _CRT_SECURE_NO_WARNINGS. See online help for details.
                 D:\Program Files\Microsoft Visual Studio 10.0\VC\include\stdio.h(325) : see declaration of 'sscanf'
     1>MyStrategy.cpp(50): warning C4996: 'sscanf': This function or variable may be unsafe. Consider using sscanf_s instead. To disable deprecation, use _CRT_SECURE_NO_WARNINGS. See online help for details.
                 D:\Program Files\Microsoft Visual Studio 10.0\VC\include\stdio.h(325) : see declaration of 'sscanf'
     1>MyStrategy.cpp(71): warning C4482: nonstandard extension used: enum 'MatchState' used in qualified name
         Testrobotrole.cpp
     1>d:\mydocument\大一下学习\ai-fiar\projects\start\ericstratety5\ericstratety\base.h(385): warning C4482: nonstandard extension used: enum 'RoleType' used in qualified name
     1>d:\mydocument\大一下学习\ai-fiar\projects\start\ericstratety5\ericstratety\strategy.h(83): warning C4482: nonstandard extension used: enum 'MatchState' used in qualified name
         area.cpp
     1>d:\mydocument\大一下学习\ai-fiar\projects\start\ericstratety5\ericstratety\base.h(385): warning C4482: nonstandard extension used: enum 'RoleType' used in qualified name
         base.cpp
     1>d:\mydocument\大一下学习\ai-fiar\projects\start\ericstratety5\ericstratety\base.h(385): warning C4482: nonstandard extension used: enum 'RoleType' used in qualified name
         interface.cpp
     1>d:\mydocument\大一下学习\ai-fiar\projects\start\ericstratety5\ericstratety\base.h(385): warning C4482: nonstandard extension used: enum 'RoleType' used in qualified name
     1>d:\mydocument\大一下学习\ai-fiar\projects\start\ericstratety5\ericstratety\strategy.h(83): warning C4482: nonstandard extension used: enum 'MatchState' used in qualified name
     1>interface.cpp(101): warning C4482: nonstandard extension used: enum 'MatchState' used in qualified name
     1>interface.cpp(111): warning C4482: nonstandard extension used: enum 'MatchState' used in qualified name
     1>interface.cpp(165): warning C4996: 'strcpy': This function or variable may be unsafe. Consider using strcpy_s instead. To disable deprecation, use _CRT_SECURE_NO_WARNINGS. See online help for details.
                 D:\Program Files\Microsoft Visual Studio 10.0\VC\include\string.h(105) : see declaration of 'strcpy'
         objects.cc
     1>d:\mydocument\大一下学习\ai-fiar\projects\start\ericstratety5\ericstratety\base.h(385): warning C4482: nonstandard extension used: enum 'RoleType' used in qualified name
         strategy.cc
     1>d:\mydocument\大一下学习\ai-fiar\projects\start\ericstratety5\ericstratety\base.h(385): warning C4482: nonstandard extension used: enum 'RoleType' used in qualified name
     1>d:\mydocument\大一下学习\ai-fiar\projects\start\ericstratety5\ericstratety\strategy.h(83): warning C4482: nonstandard extension used: enum 'MatchState' used in qualified name
     1>strategy.cc(50): warning C4482: nonstandard extension used: enum 'BallField' used in qualified name
     1>strategy.cc(80): warning C4482: nonstandard extension used: enum 'MatchState' used in qualified name
     1>strategy.cc(82): warning C4482: nonstandard extension used: enum 'MatchState' used in qualified name
         teamorder.cpp
     1>d:\mydocument\大一下学习\ai-fiar\projects\start\ericstratety5\ericstratety\base.h(385): warning C4482: nonstandard extension used: enum 'RoleType' used in qualified name
         testAction.cpp
     1>d:\mydocument\大一下学习\ai-fiar\projects\start\ericstratety5\ericstratety\base.h(385): warning C4482: nonstandard extension used: enum 'RoleType' used in qualified name
     1>d:\mydocument\大一下学习\ai-fiar\projects\start\ericstratety5\ericstratety\strategy.h(83): warning C4482: nonstandard extension used: enum 'MatchState' used in qualified name
       Link:
         D:\Program Files\Microsoft Visual Studio 10.0\VC\bin\link.exe /ERRORREPORT:PROMPT /OUT:"D:\myDocument\大一下学习\AI-FIAR\projects\Start\EricStratety5\Release\EricStratety.dll" /INCREMENTAL:NO /NOLOGO kernel32.lib user32.lib gdi32.lib winspool.lib comdlg32.lib advapi32.lib shell32.lib ole32.lib oleaut32.lib uuid.lib odbc32.lib odbccp32.lib /MANIFEST /ManifestFile:"Release\EricStratety.dll.intermediate.manifest" /MANIFESTUAC:"level='asInvoker' uiAccess='false'" /DEBUG /PDB:"D:\myDocument\大一下学习\AI-FIAR\projects\Start\EricStratety5\Release\EricStratety.pdb" /SUBSYSTEM:WINDOWS /OPT:REF /OPT:ICF /LTCG /TLBID:1 /DYNAMICBASE /NXCOMPAT /IMPLIB:"D:\myDocument\大一下学习\AI-FIAR\projects\Start\EricStratety5\Release\EricStratety.lib" /MACHINE:X86 /DLL Release\area.obj
         Release\BallFieldAnalyse.obj
         Release\base.obj
         Release\BasicScriptServer.obj
         Release\GeometryR.obj
         Release\logger.obj
         Release\interface.obj
         Release\MyStrategy.obj
         Release\objects.obj
         Release\scripting_system.obj
         Release\stdafx.obj
         Release\strategy.obj
         Release\teamorder.obj
         Release\testAction.obj
         Release\Testrobotrole.obj
            Creating library D:\myDocument\大一下学习\AI-FIAR\projects\Start\EricStratety5\Release\EricStratety.lib and object D:\myDocument\大一下学习\AI-FIAR\projects\Start\EricStratety5\Release\EricStratety.exp
         Generating code
         Finished generating code
         EricStratety.vcxproj -> D:\myDocument\大一下学习\AI-FIAR\projects\Start\EricStratety5\Release\EricStratety.dll
       Manifest:
         C:\Program Files\Microsoft SDKs\Windows\v7.0A\bin\mt.exe /nologo /verbose /outputresource:"D:\myDocument\大一下学习\AI-FIAR\projects\Start\EricStratety5\Release\EricStratety.dll;#2" /manifest Release\EricStratety.dll.intermediate.manifest
       FinalizeBuildStatus:
         Deleting file "Release\EricStratety.unsuccessfulbuild".
         Touching "Release\EricStratety.lastbuildstate".
     1>Done Building Project "D:\myDocument\大一下学习\AI-FIAR\projects\Start\EricStratety5\EricStratety\EricStratety.vcxproj" (build target(s)).

Build succeeded.

Time Elapsed 00:00:10.28
