D:\MYDOCUMENT\大一下学习\AI-FIAR\PROJECTS\MYSTRATEGY\DEBUG\MYSTRATEGY.DLL
D:\myDocument\大一下学习\AI-FIAR\projects\MyStrategy\Debug\MyStrategy.exp
D:\MYDOCUMENT\大一下学习\AI-FIAR\PROJECTS\MYSTRATEGY\DEBUG\MYSTRATEGY.ILK
D:\myDocument\大一下学习\AI-FIAR\projects\MyStrategy\Debug\MyStrategy.lib
D:\MYDOCUMENT\大一下学习\AI-FIAR\PROJECTS\MYSTRATEGY\DEBUG\MYSTRATEGY.PDB
D:\MYDOCUMENT\大一下学习\AI-FIAR\PROJECTS\MYSTRATEGY\MYSTRATEGY\DEBUG\ACTION.OBJ
D:\MYDOCUMENT\大一下学习\AI-FIAR\PROJECTS\MYSTRATEGY\MYSTRATEGY\DEBUG\AREA.OBJ
D:\MYDOCUMENT\大一下学习\AI-FIAR\PROJECTS\MYSTRATEGY\MYSTRATEGY\DEBUG\BASE.OBJ
D:\MYDOCUMENT\大一下学习\AI-FIAR\PROJECTS\MYSTRATEGY\MYSTRATEGY\DEBUG\BASICSCRIPTSERVER.OBJ
D:\myDocument\大一下学习\AI-FIAR\projects\MyStrategy\MyStrategy\Debug\cl.command.1.tlog
D:\myDocument\大一下学习\AI-FIAR\projects\MyStrategy\MyStrategy\Debug\CL.read.1.tlog
D:\myDocument\大一下学习\AI-FIAR\projects\MyStrategy\MyStrategy\Debug\CL.write.1.tlog
D:\MYDOCUMENT\大一下学习\AI-FIAR\PROJECTS\MYSTRATEGY\MYSTRATEGY\DEBUG\DLLMAIN.OBJ
D:\MYDOCUMENT\大一下学习\AI-FIAR\PROJECTS\MYSTRATEGY\MYSTRATEGY\DEBUG\GEOMETRYR.OBJ
D:\MYDOCUMENT\大一下学习\AI-FIAR\PROJECTS\MYSTRATEGY\MYSTRATEGY\DEBUG\INTERFACE.OBJ
D:\myDocument\大一下学习\AI-FIAR\projects\MyStrategy\MyStrategy\Debug\link.command.1.tlog
D:\myDocument\大一下学习\AI-FIAR\projects\MyStrategy\MyStrategy\Debug\link.read.1.tlog
D:\myDocument\大一下学习\AI-FIAR\projects\MyStrategy\MyStrategy\Debug\link.write.1.tlog
D:\MYDOCUMENT\大一下学习\AI-FIAR\PROJECTS\MYSTRATEGY\MYSTRATEGY\DEBUG\LOGGER.OBJ
D:\myDocument\大一下学习\AI-FIAR\projects\MyStrategy\MyStrategy\Debug\mt.command.1.tlog
D:\myDocument\大一下学习\AI-FIAR\projects\MyStrategy\MyStrategy\Debug\mt.read.1.tlog
D:\myDocument\大一下学习\AI-FIAR\projects\MyStrategy\MyStrategy\Debug\mt.write.1.tlog
D:\MYDOCUMENT\大一下学习\AI-FIAR\PROJECTS\MYSTRATEGY\MYSTRATEGY\DEBUG\MYSTRATEGY.DLL.INTERMEDIATE.MANIFEST
D:\myDocument\大一下学习\AI-FIAR\projects\MyStrategy\MyStrategy\Debug\MyStrategy.write.1.tlog
D:\MYDOCUMENT\大一下学习\AI-FIAR\PROJECTS\MYSTRATEGY\MYSTRATEGY\DEBUG\OBJECTS.OBJ
D:\MYDOCUMENT\大一下学习\AI-FIAR\PROJECTS\MYSTRATEGY\MYSTRATEGY\DEBUG\ROBOTROLE.OBJ
D:\MYDOCUMENT\大一下学习\AI-FIAR\PROJECTS\MYSTRATEGY\MYSTRATEGY\DEBUG\STDAFX.OBJ
D:\MYDOCUMENT\大一下学习\AI-FIAR\PROJECTS\MYSTRATEGY\MYSTRATEGY\DEBUG\STRATEGY.OBJ
D:\MYDOCUMENT\大一下学习\AI-FIAR\PROJECTS\MYSTRATEGY\MYSTRATEGY\DEBUG\TEAMORDER.OBJ
D:\myDocument\大一下学习\AI-FIAR\projects\MyStrategy\MyStrategy\Debug\vc100.idb
D:\MYDOCUMENT\大一下学习\AI-FIAR\PROJECTS\MYSTRATEGY\MYSTRATEGY\DEBUG\VC100.PDB
