Build started 2012/6/15 1:51:07.
     1>Project "D:\myDocument\大一下学习\AI-FIAR\projects\MyStrategy\MyStrategy\MyStrategy.vcxproj" on node 2 (build target(s)).
     1>InitializeBuildStatus:
         Touching "Debug\MyStrategy.unsuccessfulbuild".
       ClCompile:
         D:\Program Files\Microsoft Visual Studio 10.0\VC\bin\CL.exe /c /ZI /nologo /W3 /WX- /Od /Oy- /D _WINDLL /D _UNICODE /D UNICODE /Gm /EHsc /RTC1 /MDd /GS /fp:precise /Zc:wchar_t /Zc:forScope /Fo"Debug\\" /Fd"Debug\vc100.pdb" /Gd /TP /analyze- /errorReport:prompt teamorder.cpp
         teamorder.cpp
     1>d:\mydocument\大一下学习\ai-fiar\projects\mystrategy\mystrategy\base.h(302): warning C4482: nonstandard extension used: enum 'RoleType' used in qualified name
       Link:
         D:\Program Files\Microsoft Visual Studio 10.0\VC\bin\link.exe /ERRORREPORT:PROMPT /OUT:"D:\myDocument\大一下学习\AI-FIAR\projects\MyStrategy\Debug\MyStrategy.dll" /NOLOGO kernel32.lib user32.lib gdi32.lib winspool.lib comdlg32.lib advapi32.lib shell32.lib ole32.lib oleaut32.lib uuid.lib odbc32.lib odbccp32.lib /MANIFEST /ManifestFile:"Debug\MyStrategy.dll.intermediate.manifest" /MANIFESTUAC:"level='asInvoker' uiAccess='false'" /DEBUG /PDB:"D:\myDocument\大一下学习\AI-FIAR\projects\MyStrategy\Debug\MyStrategy.pdb" /TLBID:1 /DYNAMICBASE /NXCOMPAT /IMPLIB:"D:\myDocument\大一下学习\AI-FIAR\projects\MyStrategy\Debug\MyStrategy.lib" /MACHINE:X86 /DLL Debug\action.obj
         Debug\area.obj
         Debug\base.obj
         Debug\BasicScriptServer.obj
         Debug\dllmain.obj
         Debug\GeometryR.obj
         Debug\interface.obj
         Debug\logger.obj
         Debug\objects.obj
         Debug\robotrole.obj
         Debug\stdafx.obj
         Debug\strategy.obj
         Debug\teamorder.obj
         LINK : D:\myDocument\大一下学习\AI-FIAR\projects\MyStrategy\Debug\MyStrategy.dll not found or not built by the last incremental link; performing full link
            Creating library D:\myDocument\大一下学习\AI-FIAR\projects\MyStrategy\Debug\MyStrategy.lib and object D:\myDocument\大一下学习\AI-FIAR\projects\MyStrategy\Debug\MyStrategy.exp
         MyStrategy.vcxproj -> D:\myDocument\大一下学习\AI-FIAR\projects\MyStrategy\Debug\MyStrategy.dll
       Manifest:
         C:\Program Files\Microsoft SDKs\Windows\v7.0A\bin\mt.exe /nologo /verbose /outputresource:"D:\myDocument\大一下学习\AI-FIAR\projects\MyStrategy\Debug\MyStrategy.dll;#2" /manifest Debug\MyStrategy.dll.intermediate.manifest
       FinalizeBuildStatus:
         Deleting file "Debug\MyStrategy.unsuccessfulbuild".
         Touching "Debug\MyStrategy.lastbuildstate".
     1>Done Building Project "D:\myDocument\大一下学习\AI-FIAR\projects\MyStrategy\MyStrategy\MyStrategy.vcxproj" (build target(s)).

Build succeeded.

Time Elapsed 00:00:03.38
