Build started 2012/6/28 11:18:18.
     1>Project "D:\myDocument\大一下学习\AI-FIAR\projects\Start\EricStratety\NewNEU\NewNEU.vcxproj" on node 2 (build target(s)).
     1>InitializeBuildStatus:
         Creating "Release\EricStratety.unsuccessfulbuild" because "AlwaysCreate" was specified.
       ClCompile:
         D:\Program Files\Microsoft Visual Studio 10.0\VC\bin\CL.exe /c /Zi /nologo /W3 /WX- /O2 /Oi /Oy- /GL /D WIN32 /D NDEBUG /D _WINDOWS /D _USRDLL /D NEWNEU_EXPORTS /D _WINDLL /D _UNICODE /D UNICODE /Gm- /EHsc /MD /GS /Gy /fp:precise /Zc:wchar_t /Zc:forScope /Yc /Fp"Release\EricStratety.pch" /Fo"Release\\" /Fd"Release\vc100.pdb" /Gd /TP /analyze- /errorReport:prompt stdafx.cc
         stdafx.cc
         D:\Program Files\Microsoft Visual Studio 10.0\VC\bin\CL.exe /c /Zi /nologo /W3 /WX- /O2 /Oi /Oy- /GL /D WIN32 /D NDEBUG /D _WINDOWS /D _USRDLL /D NEWNEU_EXPORTS /D _WINDLL /D _UNICODE /D UNICODE /Gm- /EHsc /MD /GS /Gy /fp:precise /Zc:wchar_t /Zc:forScope /Fo"Release\\" /Fd"Release\vc100.pdb" /Gd /TP /analyze- /errorReport:prompt action.cpp area.cpp base.cpp BasicScriptServer.cpp GeometryR.cpp logger.cc interface.cpp objects.cc robotrole.cpp stdafx.cpp strategy.cc teamorder.cpp
         action.cpp
     1>d:\mydocument\大一下学习\ai-fiar\projects\start\ericstratety\newneu\base.h(290): warning C4482: nonstandard extension used: enum 'RoleType' used in qualified name
     1>d:\mydocument\大一下学习\ai-fiar\projects\start\ericstratety\newneu\GeometryR.h(69): warning C4005: 'PI' : macro redefinition
                 d:\mydocument\大一下学习\ai-fiar\projects\start\ericstratety\newneu\base.h(34) : see previous definition of 'PI'
         area.cpp
     1>d:\mydocument\大一下学习\ai-fiar\projects\start\ericstratety\newneu\base.h(290): warning C4482: nonstandard extension used: enum 'RoleType' used in qualified name
         base.cpp
     1>d:\mydocument\大一下学习\ai-fiar\projects\start\ericstratety\newneu\base.h(290): warning C4482: nonstandard extension used: enum 'RoleType' used in qualified name
         BasicScriptServer.cpp
     1>d:\mydocument\大一下学习\ai-fiar\projects\start\ericstratety\newneu\BasicScriptServer.h(22): warning C4996: 'strcpy': This function or variable may be unsafe. Consider using strcpy_s instead. To disable deprecation, use _CRT_SECURE_NO_WARNINGS. See online help for details.
                 D:\Program Files\Microsoft Visual Studio 10.0\VC\include\string.h(105) : see declaration of 'strcpy'
     1>d:\mydocument\大一下学习\ai-fiar\projects\start\ericstratety\newneu\BasicScriptServer.h(26): warning C4996: 'strcpy': This function or variable may be unsafe. Consider using strcpy_s instead. To disable deprecation, use _CRT_SECURE_NO_WARNINGS. See online help for details.
                 D:\Program Files\Microsoft Visual Studio 10.0\VC\include\string.h(105) : see declaration of 'strcpy'
         GeometryR.cpp
         logger.cc
         interface.cpp
     1>d:\mydocument\大一下学习\ai-fiar\projects\start\ericstratety\newneu\base.h(290): warning C4482: nonstandard extension used: enum 'RoleType' used in qualified name
     1>d:\mydocument\大一下学习\ai-fiar\projects\start\ericstratety\newneu\GeometryR.h(69): warning C4005: 'PI' : macro redefinition
                 d:\mydocument\大一下学习\ai-fiar\projects\start\ericstratety\newneu\base.h(34) : see previous definition of 'PI'
     1>interface.cpp(107): warning C4996: 'strcpy': This function or variable may be unsafe. Consider using strcpy_s instead. To disable deprecation, use _CRT_SECURE_NO_WARNINGS. See online help for details.
                 D:\Program Files\Microsoft Visual Studio 10.0\VC\include\string.h(105) : see declaration of 'strcpy'
         objects.cc
     1>d:\mydocument\大一下学习\ai-fiar\projects\start\ericstratety\newneu\base.h(290): warning C4482: nonstandard extension used: enum 'RoleType' used in qualified name
         robotrole.cpp
     1>d:\mydocument\大一下学习\ai-fiar\projects\start\ericstratety\newneu\base.h(290): warning C4482: nonstandard extension used: enum 'RoleType' used in qualified name
     1>d:\mydocument\大一下学习\ai-fiar\projects\start\ericstratety\newneu\GeometryR.h(69): warning C4005: 'PI' : macro redefinition
                 d:\mydocument\大一下学习\ai-fiar\projects\start\ericstratety\newneu\base.h(34) : see previous definition of 'PI'
         stdafx.cpp
         strategy.cc
     1>d:\mydocument\大一下学习\ai-fiar\projects\start\ericstratety\newneu\base.h(290): warning C4482: nonstandard extension used: enum 'RoleType' used in qualified name
     1>d:\mydocument\大一下学习\ai-fiar\projects\start\ericstratety\newneu\GeometryR.h(69): warning C4005: 'PI' : macro redefinition
                 d:\mydocument\大一下学习\ai-fiar\projects\start\ericstratety\newneu\base.h(34) : see previous definition of 'PI'
     1>strategy.cc(154): warning C4482: nonstandard extension used: enum 'MatchState' used in qualified name
     1>strategy.cc(164): warning C4482: nonstandard extension used: enum 'BallField' used in qualified name
     1>strategy.cc(185): warning C4482: nonstandard extension used: enum 'MatchState' used in qualified name
     1>strategy.cc(186): warning C4482: nonstandard extension used: enum 'MatchState' used in qualified name
     1>d:\mydocument\大一下学习\ai-fiar\projects\start\ericstratety\newneu\BasicScriptServer.h(22): warning C4996: 'strcpy': This function or variable may be unsafe. Consider using strcpy_s instead. To disable deprecation, use _CRT_SECURE_NO_WARNINGS. See online help for details.
                 D:\Program Files\Microsoft Visual Studio 10.0\VC\include\string.h(105) : see declaration of 'strcpy'
     1>d:\mydocument\大一下学习\ai-fiar\projects\start\ericstratety\newneu\BasicScriptServer.h(26): warning C4996: 'strcpy': This function or variable may be unsafe. Consider using strcpy_s instead. To disable deprecation, use _CRT_SECURE_NO_WARNINGS. See online help for details.
                 D:\Program Files\Microsoft Visual Studio 10.0\VC\include\string.h(105) : see declaration of 'strcpy'
         teamorder.cpp
     1>d:\mydocument\大一下学习\ai-fiar\projects\start\ericstratety\newneu\base.h(290): warning C4482: nonstandard extension used: enum 'RoleType' used in qualified name
       Link:
         D:\Program Files\Microsoft Visual Studio 10.0\VC\bin\link.exe /ERRORREPORT:PROMPT /OUT:"D:\myDocument\大一下学习\AI-FIAR\projects\Start\EricStratety\Release\EricStratety.dll" /INCREMENTAL:NO /NOLOGO kernel32.lib user32.lib gdi32.lib winspool.lib comdlg32.lib advapi32.lib shell32.lib ole32.lib oleaut32.lib uuid.lib odbc32.lib odbccp32.lib /MANIFEST /ManifestFile:"Release\EricStratety.dll.intermediate.manifest" /MANIFESTUAC:"level='asInvoker' uiAccess='false'" /DEBUG /PDB:"D:\myDocument\大一下学习\AI-FIAR\projects\Start\EricStratety\Release\EricStratety.pdb" /SUBSYSTEM:WINDOWS /OPT:REF /OPT:ICF /LTCG /TLBID:1 /DYNAMICBASE /NXCOMPAT /IMPLIB:"D:\myDocument\大一下学习\AI-FIAR\projects\Start\EricStratety\Release\EricStratety.lib" /MACHINE:X86 /DLL Release\action.obj
         Release\area.obj
         Release\base.obj
         Release\BasicScriptServer.obj
         Release\GeometryR.obj
         Release\logger.obj
         Release\interface.obj
         Release\objects.obj
         Release\robotrole.obj
         Release\stdafx.obj
         Release\stdafx.obj
         Release\strategy.obj
         Release\teamorder.obj
     1>Release\stdafx.obj : warning LNK4042: object specified more than once; extras ignored
            Creating library D:\myDocument\大一下学习\AI-FIAR\projects\Start\EricStratety\Release\EricStratety.lib and object D:\myDocument\大一下学习\AI-FIAR\projects\Start\EricStratety\Release\EricStratety.exp
         Generating code
         Finished generating code
         NewNEU.vcxproj -> D:\myDocument\大一下学习\AI-FIAR\projects\Start\EricStratety\Release\EricStratety.dll
       Manifest:
         C:\Program Files\Microsoft SDKs\Windows\v7.0A\bin\mt.exe /nologo /verbose /outputresource:"D:\myDocument\大一下学习\AI-FIAR\projects\Start\EricStratety\Release\EricStratety.dll;#2" /manifest Release\EricStratety.dll.intermediate.manifest
       FinalizeBuildStatus:
         Deleting file "Release\EricStratety.unsuccessfulbuild".
         Touching "Release\EricStratety.lastbuildstate".
     1>Done Building Project "D:\myDocument\大一下学习\AI-FIAR\projects\Start\EricStratety\NewNEU\NewNEU.vcxproj" (build target(s)).

Build succeeded.

Time Elapsed 00:00:24.34
